--------------------------------------------------
---------------THIS IS FILE LOGGER----------------
--------------------------------------------------

Source Directory to search in:  demo

Current Directory:  demo
File Name: candidate_bulk_upload_template.numbers
CheckSum: d2615368f676fc66af24642c4c248c6b

File Name: rohit-resume.pdf
CheckSum: e30254ec92df74709f5383b4b1769c88


Current Directory:  demo/images
File Name: male3.jpg
CheckSum: 6e9778e14865cdbc0974f4affc62cf32

File Name: female2.png
CheckSum: aa9d3ae12ce697c9297ffc2c794a1d28


Current Directory:  demo/images/screenShots
File Name: Screenshot 2026-02-20 at 10.55.58 AM.png
CheckSum: 5d5b66022f8aefb92146bdefc22f7d55

--------------------------------------------------
-----------THIS IS THE END OF FILE LOGGER---------
--------------------------------------------------
